<?xml version="1.0" encoding="UTF-8"?>
<!DOCTYPE configuration>
<configuration>
	<appender name="STDOUT" class="ch.qos.logback.core.ConsoleAppender">
		<encoder>
			<pattern>%d{HH:mm:ss.SSS} [%-5level] [%thread] %logger{36} - %msg%n</pattern>
		</encoder>
	</appender>
	<appender name="FILE" class="ch.qos.logback.core.FileAppender">
		<file>${com.sun.aas.instanceRoot}/logs/server.log</file>
		<append>true</append>
		<encoder>
			<pattern>%d{HH:mm:ss.SSS} [%-5level] [%thread] %logger{36} - %msg%n</pattern>
		</encoder>
	</appender>

	<logger name="com.kpiorecki.parking.ejb" level="debug" />
	<logger name="org.eclipse.persistence" level="debug" />
	<logger name="org.flywaydb" level="info" />

	<root>
		<level value="debug" />
		<appender-ref ref="STDOUT" />
		<appender-ref ref="FILE" />
	</root>
</configuration>
