<?xml version="1.0" encoding="UTF-8"?>
<!DOCTYPE resources PUBLIC
    "-//GlassFish.org//DTD GlassFish Application Server 3.1 Resource Definitions//EN"
    "http://glassfish.org/dtds/glassfish-resources_1_5.dtd">
<resources>
	<jdbc-connection-pool name="ParkingPool" res-type="javax.sql.DataSource" datasource-classname="org.apache.derby.jdbc.EmbeddedDataSource"
		is-isolation-level-guaranteed="false">
		<property name="databaseName" value="target/derby" />
		<property name="createDatabase" value="create" />
	</jdbc-connection-pool>

	<jdbc-resource pool-name="ParkingPool" jndi-name="jdbc/parking" />

	<mail-resource jndi-name="mail/session" host="localhost" user="parking" from="parking@test.com"
		transport-protocol="smtp">
		<property name="mail-smtp-port" value="3025" />
	</mail-resource>
</resources>