<?xml version="1.0" encoding="UTF-8"?>
<!DOCTYPE configuration>
<configuration>
	<appender name="STDOUT" class="ch.qos.logback.core.ConsoleAppender">
		<!-- encoders are assigned the type ch.qos.logback.classic.encoder.PatternLayoutEncoder by default -->
		<encoder>
			<pattern>%d{HH:mm:ss.SSS} [%-5level] [%thread] %logger{36} - %msg%n</pattern>
		</encoder>
	</appender>

	<logger name="com.kpiorecki.parking.ejb" level="debug" />
	<logger name="org.eclipse.persistence" level="debug" />

	<root level="info">
		<appender-ref ref="STDOUT" />
	</root>
</configuration>